-------------------------------------------------------------------------------
Test set: com.beltran.catch22.entity.ParticipantsTest
-------------------------------------------------------------------------------
Tests run: 1, Failures: 0, Errors: 1, Skipped: 0, Time elapsed: 2.469 s <<< FAILURE! - in com.beltran.catch22.entity.ParticipantsTest
testCreate  Time elapsed: 0.138 s  <<< ERROR!
java.util.NoSuchElementException: No value present
	at com.beltran.catch22.entity.ParticipantsTest.testCreate(ParticipantsTest.java:32)

