<?xml version="1.0" encoding="UTF-8"?>
<testsuite xmlns:xsi="http://www.w3.org/2001/XMLSchema-instance" xsi:noNamespaceSchemaLocation="https://maven.apache.org/surefire/maven-surefire-plugin/xsd/surefire-test-report.xsd" name="com.beltran.catch22.entity.ParticipantsTest" time="2.469" tests="1" errors="1" skipped="0" failures="0">
  <properties>
[...]
</properties>
  <testcase name="testCreate" classname="com.beltran.catch22.entity.ParticipantsTest" time="0.138">
    <error message="No value present" type="java.util.NoSuchElementException">java.util.NoSuchElementException: No value present
	at com.beltran.catch22.entity.ParticipantsTest.testCreate(ParticipantsTest.java:32)
</error>
    <system-out><![CDATA[15:43:43.653 [main] DEBUG org.springframework.test.context.BootstrapUtils - Instantiating CacheAwareContextLoaderDelegate from class [org.springframework.test.context.cache.DefaultCacheAwareContextLoaderDelegate]
15:43:43.658 [main] DEBUG org.springframework.test.context.BootstrapUtils - Instantiating BootstrapContext using constructor [public org.springframework.test.context.support.DefaultBootstrapContext(java.lang.Class,org.springframework.test.context.CacheAwareContextLoaderDelegate)]
15:43:43.674 [main] DEBUG org.springframework.test.context.BootstrapUtils - Instantiating TestContextBootstrapper for test class [com.beltran.catch22.entity.ParticipantsTest] from class [org.springframework.boot.test.context.SpringBootTestContextBootstrapper]
15:43:43.680 [main] INFO org.springframework.boot.test.context.SpringBootTestContextBootstrapper - Neither @ContextConfiguration nor @ContextHierarchy found for test class [com.beltran.catch22.entity.ParticipantsTest], using SpringBootContextLoader
15:43:43.682 [main] DEBUG org.springframework.test.context.support.AbstractContextLoader - Did not detect default resource location for test class [com.beltran.catch22.entity.ParticipantsTest]: class path resource [com/beltran/catch22/entity/ParticipantsTest-context.xml] does not exist
15:43:43.682 [main] DEBUG org.springframework.test.context.support.AbstractContextLoader - Did not detect default resource location for test class [com.beltran.catch22.entity.ParticipantsTest]: class path resource [com/beltran/catch22/entity/ParticipantsTestContext.groovy] does not exist
15:43:43.682 [main] INFO org.springframework.test.context.support.AbstractContextLoader - Could not detect default resource locations for test class [com.beltran.catch22.entity.ParticipantsTest]: no resource found for suffixes {-context.xml, Context.groovy}.
15:43:43.683 [main] INFO org.springframework.test.context.support.AnnotationConfigContextLoaderUtils - Could not detect default configuration classes for test class [com.beltran.catch22.entity.ParticipantsTest]: ParticipantsTest does not declare any static, non-private, non-final, nested classes annotated with @Configuration.
15:43:43.706 [main] DEBUG org.springframework.test.context.support.ActiveProfilesUtils - Could not find an 'annotation declaring class' for annotation type [org.springframework.test.context.ActiveProfiles] and class [com.beltran.catch22.entity.ParticipantsTest]
15:43:43.733 [main] DEBUG org.springframework.context.annotation.ClassPathScanningCandidateComponentProvider - Identified candidate component class: file [/Users/cesarbeltran/Documents/GitHub/Cesar_Beltran_CaseStudy/catch22/target/classes/com/beltran/catch22/Catch22Application.class]
15:43:43.734 [main] INFO org.springframework.boot.test.context.SpringBootTestContextBootstrapper - Found @SpringBootConfiguration com.beltran.catch22.Catch22Application for test class com.beltran.catch22.entity.ParticipantsTest
15:43:43.779 [main] DEBUG org.springframework.boot.test.context.SpringBootTestContextBootstrapper - @TestExecutionListeners is not present for class [com.beltran.catch22.entity.ParticipantsTest]: using defaults.
15:43:43.780 [main] INFO org.springframework.boot.test.context.SpringBootTestContextBootstrapper - Loaded default TestExecutionListener class names from location [META-INF/spring.factories]: [org.springframework.boot.test.mock.mockito.MockitoTestExecutionListener, org.springframework.boot.test.mock.mockito.ResetMocksTestExecutionListener, org.springframework.boot.test.autoconfigure.restdocs.RestDocsTestExecutionListener, org.springframework.boot.test.autoconfigure.web.client.MockRestServiceServerResetTestExecutionListener, org.springframework.boot.test.autoconfigure.web.servlet.MockMvcPrintOnlyOnFailureTestExecutionListener, org.springframework.boot.test.autoconfigure.web.servlet.WebDriverTestExecutionListener, org.springframework.boot.test.autoconfigure.webservices.client.MockWebServiceServerTestExecutionListener, org.springframework.test.context.web.ServletTestExecutionListener, org.springframework.test.context.support.DirtiesContextBeforeModesTestExecutionListener, org.springframework.test.context.event.ApplicationEventsTestExecutionListener, org.springframework.test.context.support.DependencyInjectionTestExecutionListener, org.springframework.test.context.support.DirtiesContextTestExecutionListener, org.springframework.test.context.transaction.TransactionalTestExecutionListener, org.springframework.test.context.jdbc.SqlScriptsTestExecutionListener, org.springframework.test.context.event.EventPublishingTestExecutionListener, org.springframework.security.test.context.support.WithSecurityContextTestExecutionListener, org.springframework.security.test.context.support.ReactorContextTestExecutionListener]
15:43:43.788 [main] INFO org.springframework.boot.test.context.SpringBootTestContextBootstrapper - Using TestExecutionListeners: [org.springframework.test.context.web.ServletTestExecutionListener@38f116f6, org.springframework.test.context.support.DirtiesContextBeforeModesTestExecutionListener@5286c33a, org.springframework.test.context.event.ApplicationEventsTestExecutionListener@6e6d5d29, org.springframework.boot.test.mock.mockito.MockitoTestExecutionListener@5c530d1e, org.springframework.boot.test.autoconfigure.SpringBootDependencyInjectionTestExecutionListener@6c25e6c4, org.springframework.test.context.support.DirtiesContextTestExecutionListener@85e6769, org.springframework.test.context.transaction.TransactionalTestExecutionListener@c5ee75e, org.springframework.test.context.jdbc.SqlScriptsTestExecutionListener@48a12036, org.springframework.test.context.event.EventPublishingTestExecutionListener@bf1ec20, org.springframework.security.test.context.support.WithSecurityContextTestExecutionListener@70efb718, org.springframework.security.test.context.support.ReactorContextTestExecutionListener@b70da4c, org.springframework.boot.test.mock.mockito.ResetMocksTestExecutionListener@4a11eb84, org.springframework.boot.test.autoconfigure.restdocs.RestDocsTestExecutionListener@4e858e0a, org.springframework.boot.test.autoconfigure.web.client.MockRestServiceServerResetTestExecutionListener@435fb7b5, org.springframework.boot.test.autoconfigure.web.servlet.MockMvcPrintOnlyOnFailureTestExecutionListener@4e70a728, org.springframework.boot.test.autoconfigure.web.servlet.WebDriverTestExecutionListener@b7838a9, org.springframework.boot.test.autoconfigure.webservices.client.MockWebServiceServerTestExecutionListener@696f0212]
15:43:43.789 [main] DEBUG org.springframework.test.context.support.AbstractDirtiesContextTestExecutionListener - Before test class: context [DefaultTestContext@7096b474 testClass = ParticipantsTest, testInstance = [null], testMethod = [null], testException = [null], mergedContextConfiguration = [WebMergedContextConfiguration@3e14c16d testClass = ParticipantsTest, locations = '{}', classes = '{class com.beltran.catch22.Catch22Application}', contextInitializerClasses = '[]', activeProfiles = '{}', propertySourceLocations = '{}', propertySourceProperties = '{org.springframework.boot.test.context.SpringBootTestContextBootstrapper=true}', contextCustomizers = set[org.springframework.boot.test.context.filter.ExcludeFilterContextCustomizer@6531a794, org.springframework.boot.test.json.DuplicateJsonObjectContextCustomizerFactory$DuplicateJsonObjectContextCustomizer@102cec62, org.springframework.boot.test.mock.mockito.MockitoContextCustomizer@0, org.springframework.boot.test.web.client.TestRestTemplateContextCustomizer@48b67364, org.springframework.boot.test.autoconfigure.actuate.metrics.MetricsExportContextCustomizerFactory$DisableMetricExportContextCustomizer@5f20155b, org.springframework.boot.test.autoconfigure.properties.PropertyMappingContextCustomizer@0, org.springframework.boot.test.autoconfigure.web.servlet.WebDriverContextCustomizerFactory$Customizer@42b3b079, org.springframework.boot.test.context.SpringBootTestArgs@1, org.springframework.boot.test.context.SpringBootTestWebEnvironment@7f552bd3], resourceBasePath = 'src/main/webapp', contextLoader = 'org.springframework.boot.test.context.SpringBootContextLoader', parent = [null]], attributes = map['org.springframework.test.context.web.ServletTestExecutionListener.activateListener' -> true]], class annotated with @DirtiesContext [false] with mode [null].

  .   ____          _            __ _ _
 /\\ / ___'_ __ _ _(_)_ __  __ _ \ \ \ \
( ( )\___ | '_ | '_| | '_ \/ _` | \ \ \ \
 \\/  ___)| |_)| | | | | || (_| |  ) ) ) )
  '  |____| .__|_| |_|_| |_\__, | / / / /
 =========|_|==============|___/=/_/_/_/
 :: Spring Boot ::       (v2.7.5-SNAPSHOT)

2023-02-06 15:43:43.980  INFO 82212 --- [           main] c.b.catch22.entity.ParticipantsTest      : Starting ParticipantsTest using Java 17.0.4.1 on Cesars-MBP.fios-router.home with PID 82212 (started by cesarbeltran in /Users/cesarbeltran/Documents/GitHub/Cesar_Beltran_CaseStudy/catch22)
2023-02-06 15:43:43.981 DEBUG 82212 --- [           main] c.b.catch22.entity.ParticipantsTest      : Running with Spring Boot v2.7.5-SNAPSHOT, Spring v5.3.23
2023-02-06 15:43:43.981  INFO 82212 --- [           main] c.b.catch22.entity.ParticipantsTest      : No active profile set, falling back to 1 default profile: "default"
2023-02-06 15:43:44.390  INFO 82212 --- [           main] .s.d.r.c.RepositoryConfigurationDelegate : Bootstrapping Spring Data JPA repositories in DEFAULT mode.
2023-02-06 15:43:44.416  INFO 82212 --- [           main] .s.d.r.c.RepositoryConfigurationDelegate : Finished Spring Data repository scanning in 21 ms. Found 2 JPA repository interfaces.
2023-02-06 15:43:44.517  INFO 82212 --- [           main] o.s.cloud.context.scope.GenericScope     : BeanFactory id=b22e1fc5-3c3a-3705-8a42-068b9509e6b1
2023-02-06 15:43:44.702  INFO 82212 --- [           main] o.hibernate.jpa.internal.util.LogHelper  : HHH000204: Processing PersistenceUnitInfo [name: default]
2023-02-06 15:43:44.727  INFO 82212 --- [           main] org.hibernate.Version                    : HHH000412: Hibernate ORM core version 5.6.12.Final
2023-02-06 15:43:44.799  INFO 82212 --- [           main] o.hibernate.annotations.common.Version   : HCANN000001: Hibernate Commons Annotations {5.1.2.Final}
2023-02-06 15:43:44.811 DEBUG 82212 --- [           main] org.hibernate.type.BasicTypeRegistry     : Adding type registration boolean -> org.hibernate.type.BooleanType@798cf6d2
2023-02-06 15:43:44.811 DEBUG 82212 --- [           main] org.hibernate.type.BasicTypeRegistry     : Adding type registration boolean -> org.hibernate.type.BooleanType@798cf6d2
2023-02-06 15:43:44.811 DEBUG 82212 --- [           main] org.hibernate.type.BasicTypeRegistry     : Adding type registration java.lang.Boolean -> org.hibernate.type.BooleanType@798cf6d2
2023-02-06 15:43:44.811 DEBUG 82212 --- [           main] org.hibernate.type.BasicTypeRegistry     : Adding type registration numeric_boolean -> org.hibernate.type.NumericBooleanType@7a3f08b6
2023-02-06 15:43:44.811 DEBUG 82212 --- [           main] org.hibernate.type.BasicTypeRegistry     : Adding type registration true_false -> org.hibernate.type.TrueFalseType@632cf7d3
2023-02-06 15:43:44.812 DEBUG 82212 --- [           main] org.hibernate.type.BasicTypeRegistry     : Adding type registration yes_no -> org.hibernate.type.YesNoType@67d8faec
2023-02-06 15:43:44.812 DEBUG 82212 --- [           main] org.hibernate.type.BasicTypeRegistry     : Adding type registration byte -> org.hibernate.type.ByteType@204d9edf
2023-02-06 15:43:44.812 DEBUG 82212 --- [           main] org.hibernate.type.BasicTypeRegistry     : Adding type registration byte -> org.hibernate.type.ByteType@204d9edf
2023-02-06 15:43:44.812 DEBUG 82212 --- [           main] org.hibernate.type.BasicTypeRegistry     : Adding type registration java.lang.Byte -> org.hibernate.type.ByteType@204d9edf
2023-02-06 15:43:44.812 DEBUG 82212 --- [           main] org.hibernate.type.BasicTypeRegistry     : Adding type registration character -> org.hibernate.type.CharacterType@3404e5c4
2023-02-06 15:43:44.812 DEBUG 82212 --- [           main] org.hibernate.type.BasicTypeRegistry     : Adding type registration char -> org.hibernate.type.CharacterType@3404e5c4
2023-02-06 15:43:44.812 DEBUG 82212 --- [           main] org.hibernate.type.BasicTypeRegistry     : Adding type registration java.lang.Character -> org.hibernate.type.CharacterType@3404e5c4
2023-02-06 15:43:44.813 DEBUG 82212 --- [           main] org.hibernate.type.BasicTypeRegistry     : Adding type registration short -> org.hibernate.type.ShortType@73bb573d
2023-02-06 15:43:44.813 DEBUG 82212 --- [           main] org.hibernate.type.BasicTypeRegistry     : Adding type registration short -> org.hibernate.type.ShortType@73bb573d
2023-02-06 15:43:44.813 DEBUG 82212 --- [           main] org.hibernate.type.BasicTypeRegistry     : Adding type registration java.lang.Short -> org.hibernate.type.ShortType@73bb573d
2023-02-06 15:43:44.814 DEBUG 82212 --- [           main] org.hibernate.type.BasicTypeRegistry     : Adding type registration integer -> org.hibernate.type.IntegerType@cf01c2e
2023-02-06 15:43:44.814 DEBUG 82212 --- [           main] org.hibernate.type.BasicTypeRegistry     : Adding type registration int -> org.hibernate.type.IntegerType@cf01c2e
2023-02-06 15:43:44.814 DEBUG 82212 --- [           main] org.hibernate.type.BasicTypeRegistry     : Adding type registration java.lang.Integer -> org.hibernate.type.IntegerType@cf01c2e
2023-02-06 15:43:44.814 DEBUG 82212 --- [           main] org.hibernate.type.BasicTypeRegistry     : Adding type registration long -> org.hibernate.type.LongType@7c71c889
2023-02-06 15:43:44.814 DEBUG 82212 --- [           main] org.hibernate.type.BasicTypeRegistry     : Adding type registration long -> org.hibernate.type.LongType@7c71c889
2023-02-06 15:43:44.814 DEBUG 82212 --- [           main] org.hibernate.type.BasicTypeRegistry     : Adding type registration java.lang.Long -> org.hibernate.type.LongType@7c71c889
2023-02-06 15:43:44.815 DEBUG 82212 --- [           main] org.hibernate.type.BasicTypeRegistry     : Adding type registration float -> org.hibernate.type.FloatType@70fede7d
2023-02-06 15:43:44.815 DEBUG 82212 --- [           main] org.hibernate.type.BasicTypeRegistry     : Adding type registration float -> org.hibernate.type.FloatType@70fede7d
2023-02-06 15:43:44.815 DEBUG 82212 --- [           main] org.hibernate.type.BasicTypeRegistry     : Adding type registration java.lang.Float -> org.hibernate.type.FloatType@70fede7d
2023-02-06 15:43:44.815 DEBUG 82212 --- [           main] org.hibernate.type.BasicTypeRegistry     : Adding type registration double -> org.hibernate.type.DoubleType@7d7ceca8
2023-02-06 15:43:44.815 DEBUG 82212 --- [           main] org.hibernate.type.BasicTypeRegistry     : Adding type registration double -> org.hibernate.type.DoubleType@7d7ceca8
2023-02-06 15:43:44.815 DEBUG 82212 --- [           main] org.hibernate.type.BasicTypeRegistry     : Adding type registration java.lang.Double -> org.hibernate.type.DoubleType@7d7ceca8
2023-02-06 15:43:44.815 DEBUG 82212 --- [           main] org.hibernate.type.BasicTypeRegistry     : Adding type registration big_decimal -> org.hibernate.type.BigDecimalType@684ce74c
2023-02-06 15:43:44.815 DEBUG 82212 --- [           main] org.hibernate.type.BasicTypeRegistry     : Adding type registration java.math.BigDecimal -> org.hibernate.type.BigDecimalType@684ce74c
2023-02-06 15:43:44.816 DEBUG 82212 --- [           main] org.hibernate.type.BasicTypeRegistry     : Adding type registration big_integer -> org.hibernate.type.BigIntegerType@96abc76
2023-02-06 15:43:44.816 DEBUG 82212 --- [           main] org.hibernate.type.BasicTypeRegistry     : Adding type registration java.math.BigInteger -> org.hibernate.type.BigIntegerType@96abc76
2023-02-06 15:43:44.816 DEBUG 82212 --- [           main] org.hibernate.type.BasicTypeRegistry     : Adding type registration string -> org.hibernate.type.StringType@3360283
2023-02-06 15:43:44.816 DEBUG 82212 --- [           main] org.hibernate.type.BasicTypeRegistry     : Adding type registration java.lang.String -> org.hibernate.type.StringType@3360283
2023-02-06 15:43:44.816 DEBUG 82212 --- [           main] org.hibernate.type.BasicTypeRegistry     : Adding type registration nstring -> org.hibernate.type.StringNVarcharType@3a3883c4
2023-02-06 15:43:44.816 DEBUG 82212 --- [           main] org.hibernate.type.BasicTypeRegistry     : Adding type registration ncharacter -> org.hibernate.type.CharacterNCharType@6ddc67d0
2023-02-06 15:43:44.817 DEBUG 82212 --- [           main] org.hibernate.type.BasicTypeRegistry     : Adding type registration url -> org.hibernate.type.UrlType@1068176
2023-02-06 15:43:44.817 DEBUG 82212 --- [           main] org.hibernate.type.BasicTypeRegistry     : Adding type registration java.net.URL -> org.hibernate.type.UrlType@1068176
2023-02-06 15:43:44.817 DEBUG 82212 --- [           main] org.hibernate.type.BasicTypeRegistry     : Adding type registration Duration -> org.hibernate.type.DurationType@9d3d54e
2023-02-06 15:43:44.817 DEBUG 82212 --- [           main] org.hibernate.type.BasicTypeRegistry     : Adding type registration java.time.Duration -> org.hibernate.type.DurationType@9d3d54e
2023-02-06 15:43:44.817 DEBUG 82212 --- [           main] org.hibernate.type.BasicTypeRegistry     : Adding type registration Instant -> org.hibernate.type.InstantType@6206b4a7
2023-02-06 15:43:44.818 DEBUG 82212 --- [           main] org.hibernate.type.BasicTypeRegistry     : Adding type registration java.time.Instant -> org.hibernate.type.InstantType@6206b4a7
2023-02-06 15:43:44.818 DEBUG 82212 --- [           main] org.hibernate.type.BasicTypeRegistry     : Adding type registration LocalDateTime -> org.hibernate.type.LocalDateTimeType@66756662
2023-02-06 15:43:44.818 DEBUG 82212 --- [           main] org.hibernate.type.BasicTypeRegistry     : Adding type registration java.time.LocalDateTime -> org.hibernate.type.LocalDateTimeType@66756662
2023-02-06 15:43:44.818 DEBUG 82212 --- [           main] org.hibernate.type.BasicTypeRegistry     : Adding type registration LocalDate -> org.hibernate.type.LocalDateType@40d96578
2023-02-06 15:43:44.818 DEBUG 82212 --- [           main] org.hibernate.type.BasicTypeRegistry     : Adding type registration java.time.LocalDate -> org.hibernate.type.LocalDateType@40d96578
2023-02-06 15:43:44.819 DEBUG 82212 --- [           main] org.hibernate.type.BasicTypeRegistry     : Adding type registration LocalTime -> org.hibernate.type.LocalTimeType@13516600
2023-02-06 15:43:44.819 DEBUG 82212 --- [           main] org.hibernate.type.BasicTypeRegistry     : Adding type registration java.time.LocalTime -> org.hibernate.type.LocalTimeType@13516600
2023-02-06 15:43:44.819 DEBUG 82212 --- [           main] org.hibernate.type.BasicTypeRegistry     : Adding type registration OffsetDateTime -> org.hibernate.type.OffsetDateTimeType@782fd504
2023-02-06 15:43:44.819 DEBUG 82212 --- [           main] org.hibernate.type.BasicTypeRegistry     : Adding type registration java.time.OffsetDateTime -> org.hibernate.type.OffsetDateTimeType@782fd504
2023-02-06 15:43:44.820 DEBUG 82212 --- [           main] org.hibernate.type.BasicTypeRegistry     : Adding type registration OffsetTime -> org.hibernate.type.OffsetTimeType@1282e98
2023-02-06 15:43:44.820 DEBUG 82212 --- [           main] org.hibernate.type.BasicTypeRegistry     : Adding type registration java.time.OffsetTime -> org.hibernate.type.OffsetTimeType@1282e98
2023-02-06 15:43:44.820 DEBUG 82212 --- [           main] org.hibernate.type.BasicTypeRegistry     : Adding type registration ZonedDateTime -> org.hibernate.type.ZonedDateTimeType@5ed0b4e3
2023-02-06 15:43:44.820 DEBUG 82212 --- [           main] org.hibernate.type.BasicTypeRegistry     : Adding type registration java.time.ZonedDateTime -> org.hibernate.type.ZonedDateTimeType@5ed0b4e3
2023-02-06 15:43:44.821 DEBUG 82212 --- [           main] org.hibernate.type.BasicTypeRegistry     : Adding type registration date -> org.hibernate.type.DateType@7cfb8e98
2023-02-06 15:43:44.821 DEBUG 82212 --- [           main] org.hibernate.type.BasicTypeRegistry     : Adding type registration java.sql.Date -> org.hibernate.type.DateType@7cfb8e98
2023-02-06 15:43:44.821 DEBUG 82212 --- [           main] org.hibernate.type.BasicTypeRegistry     : Adding type registration time -> org.hibernate.type.TimeType@6ed18d80
2023-02-06 15:43:44.821 DEBUG 82212 --- [           main] org.hibernate.type.BasicTypeRegistry     : Adding type registration java.sql.Time -> org.hibernate.type.TimeType@6ed18d80
2023-02-06 15:43:44.822 DEBUG 82212 --- [           main] org.hibernate.type.BasicTypeRegistry     : Adding type registration timestamp -> org.hibernate.type.TimestampType@1d60059f
2023-02-06 15:43:44.822 DEBUG 82212 --- [           main] org.hibernate.type.BasicTypeRegistry     : Adding type registration java.sql.Timestamp -> org.hibernate.type.TimestampType@1d60059f
2023-02-06 15:43:44.822 DEBUG 82212 --- [           main] org.hibernate.type.BasicTypeRegistry     : Adding type registration java.util.Date -> org.hibernate.type.TimestampType@1d60059f
2023-02-06 15:43:44.823 DEBUG 82212 --- [           main] org.hibernate.type.BasicTypeRegistry     : Adding type registration dbtimestamp -> org.hibernate.type.DbTimestampType@4975dda1
2023-02-06 15:43:44.823 DEBUG 82212 --- [           main] org.hibernate.type.BasicTypeRegistry     : Adding type registration calendar -> org.hibernate.type.CalendarType@74fb5b59
2023-02-06 15:43:44.823 DEBUG 82212 --- [           main] org.hibernate.type.BasicTypeRegistry     : Adding type registration java.util.Calendar -> org.hibernate.type.CalendarType@74fb5b59
2023-02-06 15:43:44.823 DEBUG 82212 --- [           main] org.hibernate.type.BasicTypeRegistry     : Adding type registration java.util.GregorianCalendar -> org.hibernate.type.CalendarType@74fb5b59
2023-02-06 15:43:44.823 DEBUG 82212 --- [           main] org.hibernate.type.BasicTypeRegistry     : Adding type registration calendar_date -> org.hibernate.type.CalendarDateType@66451058
2023-02-06 15:43:44.824 DEBUG 82212 --- [           main] org.hibernate.type.BasicTypeRegistry     : Adding type registration calendar_time -> org.hibernate.type.CalendarTimeType@6bce4140
2023-02-06 15:43:44.824 DEBUG 82212 --- [           main] org.hibernate.type.BasicTypeRegistry     : Adding type registration locale -> org.hibernate.type.LocaleType@18cf5c52
2023-02-06 15:43:44.824 DEBUG 82212 --- [           main] org.hibernate.type.BasicTypeRegistry     : Adding type registration java.util.Locale -> org.hibernate.type.LocaleType@18cf5c52
2023-02-06 15:43:44.824 DEBUG 82212 --- [           main] org.hibernate.type.BasicTypeRegistry     : Adding type registration currency -> org.hibernate.type.CurrencyType@6f96dd64
2023-02-06 15:43:44.824 DEBUG 82212 --- [           main] org.hibernate.type.BasicTypeRegistry     : Adding type registration java.util.Currency -> org.hibernate.type.CurrencyType@6f96dd64
2023-02-06 15:43:44.825 DEBUG 82212 --- [           main] org.hibernate.type.BasicTypeRegistry     : Adding type registration timezone -> org.hibernate.type.TimeZoneType@63917fe1
2023-02-06 15:43:44.825 DEBUG 82212 --- [           main] org.hibernate.type.BasicTypeRegistry     : Adding type registration java.util.TimeZone -> org.hibernate.type.TimeZoneType@63917fe1
2023-02-06 15:43:44.825 DEBUG 82212 --- [           main] org.hibernate.type.BasicTypeRegistry     : Adding type registration class -> org.hibernate.type.ClassType@2b7facc7
2023-02-06 15:43:44.825 DEBUG 82212 --- [           main] org.hibernate.type.BasicTypeRegistry     : Adding type registration java.lang.Class -> org.hibernate.type.ClassType@2b7facc7
2023-02-06 15:43:44.825 DEBUG 82212 --- [           main] org.hibernate.type.BasicTypeRegistry     : Adding type registration uuid-binary -> org.hibernate.type.UUIDBinaryType@49b89425
2023-02-06 15:43:44.825 DEBUG 82212 --- [           main] org.hibernate.type.BasicTypeRegistry     : Adding type registration java.util.UUID -> org.hibernate.type.UUIDBinaryType@49b89425
2023-02-06 15:43:44.825 DEBUG 82212 --- [           main] org.hibernate.type.BasicTypeRegistry     : Adding type registration uuid-char -> org.hibernate.type.UUIDCharType@4a1dda83
2023-02-06 15:43:44.826 DEBUG 82212 --- [           main] org.hibernate.type.BasicTypeRegistry     : Adding type registration binary -> org.hibernate.type.BinaryType@5ac044ef
2023-02-06 15:43:44.826 DEBUG 82212 --- [           main] org.hibernate.type.BasicTypeRegistry     : Adding type registration byte[] -> org.hibernate.type.BinaryType@5ac044ef
2023-02-06 15:43:44.826 DEBUG 82212 --- [           main] org.hibernate.type.BasicTypeRegistry     : Adding type registration [B -> org.hibernate.type.BinaryType@5ac044ef
2023-02-06 15:43:44.826 DEBUG 82212 --- [           main] org.hibernate.type.BasicTypeRegistry     : Adding type registration wrapper-binary -> org.hibernate.type.WrapperBinaryType@61a87366
2023-02-06 15:43:44.826 DEBUG 82212 --- [           main] org.hibernate.type.BasicTypeRegistry     : Adding type registration Byte[] -> org.hibernate.type.WrapperBinaryType@61a87366
2023-02-06 15:43:44.826 DEBUG 82212 --- [           main] org.hibernate.type.BasicTypeRegistry     : Adding type registration [Ljava.lang.Byte; -> org.hibernate.type.WrapperBinaryType@61a87366
2023-02-06 15:43:44.826 DEBUG 82212 --- [           main] org.hibernate.type.BasicTypeRegistry     : Adding type registration row_version -> org.hibernate.type.RowVersionType@1d99ee1b
2023-02-06 15:43:44.826 DEBUG 82212 --- [           main] org.hibernate.type.BasicTypeRegistry     : Adding type registration image -> org.hibernate.type.ImageType@2e362407
2023-02-06 15:43:44.827 DEBUG 82212 --- [           main] org.hibernate.type.BasicTypeRegistry     : Adding type registration characters -> org.hibernate.type.CharArrayType@24e5389c
2023-02-06 15:43:44.827 DEBUG 82212 --- [           main] org.hibernate.type.BasicTypeRegistry     : Adding type registration char[] -> org.hibernate.type.CharArrayType@24e5389c
2023-02-06 15:43:44.827 DEBUG 82212 --- [           main] org.hibernate.type.BasicTypeRegistry     : Adding type registration [C -> org.hibernate.type.CharArrayType@24e5389c
2023-02-06 15:43:44.827 DEBUG 82212 --- [           main] org.hibernate.type.BasicTypeRegistry     : Adding type registration wrapper-characters -> org.hibernate.type.CharacterArrayType@54326e9
2023-02-06 15:43:44.827 DEBUG 82212 --- [           main] org.hibernate.type.BasicTypeRegistry     : Adding type registration [Ljava.lang.Character; -> org.hibernate.type.CharacterArrayType@54326e9
2023-02-06 15:43:44.827 DEBUG 82212 --- [           main] org.hibernate.type.BasicTypeRegistry     : Adding type registration Character[] -> org.hibernate.type.CharacterArrayType@54326e9
2023-02-06 15:43:44.827 DEBUG 82212 --- [           main] org.hibernate.type.BasicTypeRegistry     : Adding type registration text -> org.hibernate.type.TextType@3a109ff7
2023-02-06 15:43:44.827 DEBUG 82212 --- [           main] org.hibernate.type.BasicTypeRegistry     : Adding type registration ntext -> org.hibernate.type.NTextType@46612bfc
2023-02-06 15:43:44.828 DEBUG 82212 --- [           main] org.hibernate.type.BasicTypeRegistry     : Adding type registration blob -> org.hibernate.type.BlobType@693f2213
2023-02-06 15:43:44.828 DEBUG 82212 --- [           main] org.hibernate.type.BasicTypeRegistry     : Adding type registration java.sql.Blob -> org.hibernate.type.BlobType@693f2213
2023-02-06 15:43:44.828 DEBUG 82212 --- [           main] org.hibernate.type.BasicTypeRegistry     : Adding type registration materialized_blob -> org.hibernate.type.MaterializedBlobType@6befbb12
2023-02-06 15:43:44.828 DEBUG 82212 --- [           main] org.hibernate.type.BasicTypeRegistry     : Adding type registration clob -> org.hibernate.type.ClobType@4e48462d
2023-02-06 15:43:44.828 DEBUG 82212 --- [           main] org.hibernate.type.BasicTypeRegistry     : Adding type registration java.sql.Clob -> org.hibernate.type.ClobType@4e48462d
2023-02-06 15:43:44.829 DEBUG 82212 --- [           main] org.hibernate.type.BasicTypeRegistry     : Adding type registration nclob -> org.hibernate.type.NClobType@1894fa9f
2023-02-06 15:43:44.829 DEBUG 82212 --- [           main] org.hibernate.type.BasicTypeRegistry     : Adding type registration java.sql.NClob -> org.hibernate.type.NClobType@1894fa9f
2023-02-06 15:43:44.829 DEBUG 82212 --- [           main] org.hibernate.type.BasicTypeRegistry     : Adding type registration materialized_clob -> org.hibernate.type.MaterializedClobType@45287377
2023-02-06 15:43:44.829 DEBUG 82212 --- [           main] org.hibernate.type.BasicTypeRegistry     : Adding type registration materialized_nclob -> org.hibernate.type.MaterializedNClobType@35e74e08
2023-02-06 15:43:44.830 DEBUG 82212 --- [           main] org.hibernate.type.BasicTypeRegistry     : Adding type registration serializable -> org.hibernate.type.SerializableType@5c234920
2023-02-06 15:43:44.831 DEBUG 82212 --- [           main] org.hibernate.type.BasicTypeRegistry     : Adding type registration object -> org.hibernate.type.ObjectType@7bf018dd
2023-02-06 15:43:44.831 DEBUG 82212 --- [           main] org.hibernate.type.BasicTypeRegistry     : Adding type registration java.lang.Object -> org.hibernate.type.ObjectType@7bf018dd
2023-02-06 15:43:44.832 DEBUG 82212 --- [           main] org.hibernate.type.BasicTypeRegistry     : Adding type registration imm_date -> org.hibernate.type.AdaptedImmutableType@274fdea6
2023-02-06 15:43:44.832 DEBUG 82212 --- [           main] org.hibernate.type.BasicTypeRegistry     : Adding type registration imm_time -> org.hibernate.type.AdaptedImmutableType@74c121d4
2023-02-06 15:43:44.832 DEBUG 82212 --- [           main] org.hibernate.type.BasicTypeRegistry     : Adding type registration imm_timestamp -> org.hibernate.type.AdaptedImmutableType@2a484710
2023-02-06 15:43:44.832 DEBUG 82212 --- [           main] org.hibernate.type.BasicTypeRegistry     : Adding type registration imm_dbtimestamp -> org.hibernate.type.AdaptedImmutableType@661e1399
2023-02-06 15:43:44.832 DEBUG 82212 --- [           main] org.hibernate.type.BasicTypeRegistry     : Adding type registration imm_calendar -> org.hibernate.type.AdaptedImmutableType@3ffd4b12
2023-02-06 15:43:44.832 DEBUG 82212 --- [           main] org.hibernate.type.BasicTypeRegistry     : Adding type registration imm_calendar_date -> org.hibernate.type.AdaptedImmutableType@424f02b8
2023-02-06 15:43:44.832 DEBUG 82212 --- [           main] org.hibernate.type.BasicTypeRegistry     : Adding type registration imm_binary -> org.hibernate.type.AdaptedImmutableType@2ad7bd26
2023-02-06 15:43:44.832 DEBUG 82212 --- [           main] org.hibernate.type.BasicTypeRegistry     : Adding type registration imm_serializable -> org.hibernate.type.AdaptedImmutableType@3cc3f13e
2023-02-06 15:43:44.852  INFO 82212 --- [           main] com.zaxxer.hikari.HikariDataSource       : HikariPool-1 - Starting...
2023-02-06 15:43:44.893  INFO 82212 --- [           main] com.zaxxer.hikari.HikariDataSource       : HikariPool-1 - Start completed.
2023-02-06 15:43:44.902  INFO 82212 --- [           main] org.hibernate.dialect.Dialect            : HHH000400: Using dialect: org.hibernate.dialect.MariaDBDialect
2023-02-06 15:43:44.918 DEBUG 82212 --- [           main] o.h.type.spi.TypeConfiguration$Scope     : Scoping TypeConfiguration [org.hibernate.type.spi.TypeConfiguration@11148dc2] to MetadataBuildingContext [org.hibernate.boot.internal.MetadataBuildingContextRootImpl@3be80ece]
2023-02-06 15:43:45.042 DEBUG 82212 --- [           main] o.h.type.spi.TypeConfiguration$Scope     : Scoping TypeConfiguration [org.hibernate.type.spi.TypeConfiguration@11148dc2] to SessionFactoryImpl [org.hibernate.internal.SessionFactoryImpl@5fa5c8cf]
2023-02-06 15:43:45.248  INFO 82212 --- [           main] o.h.e.t.j.p.i.JtaPlatformInitiator       : HHH000490: Using JtaPlatform implementation: [org.hibernate.engine.transaction.jta.platform.internal.NoJtaPlatform]
2023-02-06 15:43:45.251 TRACE 82212 --- [           main] o.h.type.spi.TypeConfiguration$Scope     : Handling #sessionFactoryCreated from [org.hibernate.internal.SessionFactoryImpl@5fa5c8cf] for TypeConfiguration
2023-02-06 15:43:45.252  INFO 82212 --- [           main] j.LocalContainerEntityManagerFactoryBean : Initialized JPA EntityManagerFactory for persistence unit 'default'
2023-02-06 15:43:45.504  WARN 82212 --- [           main] JpaBaseConfiguration$JpaWebConfiguration : spring.jpa.open-in-view is enabled by default. Therefore, database queries may be performed during view rendering. Explicitly configure spring.jpa.open-in-view to disable this warning
2023-02-06 15:43:45.619  INFO 82212 --- [           main] o.s.b.a.w.s.WelcomePageHandlerMapping    : Adding welcome page template: index
2023-02-06 15:43:45.786  WARN 82212 --- [           main] .s.s.UserDetailsServiceAutoConfiguration : 

Using generated security password: 035043c2-a4a7-4446-9c2d-038898e6532d

This generated password is for development use only. Your security configuration must be updated before running your application in production.

2023-02-06 15:43:45.861  INFO 82212 --- [           main] o.s.s.web.DefaultSecurityFilterChain     : Will secure any request with [org.springframework.security.web.session.DisableEncodeUrlFilter@46ef7340, org.springframework.security.web.context.request.async.WebAsyncManagerIntegrationFilter@75caecf7, org.springframework.security.web.context.SecurityContextPersistenceFilter@33d2f9d3, org.springframework.security.web.header.HeaderWriterFilter@30d2f9ea, org.springframework.security.web.csrf.CsrfFilter@43414b88, org.springframework.security.web.authentication.logout.LogoutFilter@2370c90, org.springframework.security.web.authentication.UsernamePasswordAuthenticationFilter@73072745, org.springframework.security.web.authentication.ui.DefaultLoginPageGeneratingFilter@2fcad739, org.springframework.security.web.authentication.ui.DefaultLogoutPageGeneratingFilter@62b0792, org.springframework.security.web.authentication.www.BasicAuthenticationFilter@795949fb, org.springframework.security.web.savedrequest.RequestCacheAwareFilter@20fdaf3e, org.springframework.security.web.servletapi.SecurityContextHolderAwareRequestFilter@445c693, org.springframework.security.web.authentication.AnonymousAuthenticationFilter@2fd409c1, org.springframework.security.web.session.SessionManagementFilter@508abc74, org.springframework.security.web.access.ExceptionTranslationFilter@5608e254, org.springframework.security.web.access.intercept.FilterSecurityInterceptor@3f67f5ff]
2023-02-06 15:43:45.943  INFO 82212 --- [           main] c.b.catch22.entity.ParticipantsTest      : Started ParticipantsTest in 2.132 seconds (JVM running for 2.602)
2023-02-06 15:43:46.053 DEBUG 82212 --- [           main] org.hibernate.SQL                        : 
    select
        participan0_.id as id1_4_0_,
        participan0_.birth_year as birth_ye2_4_0_,
        participan0_.city as city3_4_0_,
        participan0_.email as email4_4_0_,
        participan0_.first_name as first_na5_4_0_,
        participan0_.home_address as home_add6_4_0_,
        participan0_.last_name as last_nam7_4_0_,
        participan0_.paymentlist_number as payment11_4_0_,
        participan0_.phone_number as phone_nu8_4_0_,
        participan0_.postal_code as postal_c9_4_0_,
        participan0_.state as state10_4_0_ 
    from
        participants participan0_ 
    where
        participan0_.id=?
Hibernate: 
    select
        participan0_.id as id1_4_0_,
        participan0_.birth_year as birth_ye2_4_0_,
        participan0_.city as city3_4_0_,
        participan0_.email as email4_4_0_,
        participan0_.first_name as first_na5_4_0_,
        participan0_.home_address as home_add6_4_0_,
        participan0_.last_name as last_nam7_4_0_,
        participan0_.paymentlist_number as payment11_4_0_,
        participan0_.phone_number as phone_nu8_4_0_,
        participan0_.postal_code as postal_c9_4_0_,
        participan0_.state as state10_4_0_ 
    from
        participants participan0_ 
    where
        participan0_.id=?
2023-02-06 15:43:46.055 TRACE 82212 --- [           main] o.h.type.descriptor.sql.BasicBinder      : binding parameter [1] as [BIGINT] - [5]
2023-02-06 15:43:46.067 DEBUG 82212 --- [           main] org.hibernate.SQL                        : 
    insert 
    into
        participants
        (birth_year, city, email, first_name, home_address, last_name, paymentlist_number, phone_number, postal_code, state) 
    values
        (?, ?, ?, ?, ?, ?, ?, ?, ?, ?)
Hibernate: 
    insert 
    into
        participants
        (birth_year, city, email, first_name, home_address, last_name, paymentlist_number, phone_number, postal_code, state) 
    values
        (?, ?, ?, ?, ?, ?, ?, ?, ?, ?)
2023-02-06 15:43:46.067 TRACE 82212 --- [           main] o.h.type.descriptor.sql.BasicBinder      : binding parameter [1] as [BIGINT] - [1985]
2023-02-06 15:43:46.067 TRACE 82212 --- [           main] o.h.type.descriptor.sql.BasicBinder      : binding parameter [2] as [VARCHAR] - [New York]
2023-02-06 15:43:46.067 TRACE 82212 --- [           main] o.h.type.descriptor.sql.BasicBinder      : binding parameter [3] as [VARCHAR] - [daniel@gmail.com]
2023-02-06 15:43:46.067 TRACE 82212 --- [           main] o.h.type.descriptor.sql.BasicBinder      : binding parameter [4] as [VARCHAR] - [Daniel]
2023-02-06 15:43:46.067 TRACE 82212 --- [           main] o.h.type.descriptor.sql.BasicBinder      : binding parameter [5] as [VARCHAR] - [123 Eastern Parkway]
2023-02-06 15:43:46.068 TRACE 82212 --- [           main] o.h.type.descriptor.sql.BasicBinder      : binding parameter [6] as [VARCHAR] - [Argueta]
2023-02-06 15:43:46.068 TRACE 82212 --- [           main] o.h.type.descriptor.sql.BasicBinder      : binding parameter [7] as [BIGINT] - [null]
2023-02-06 15:43:46.068 TRACE 82212 --- [           main] o.h.type.descriptor.sql.BasicBinder      : binding parameter [8] as [VARCHAR] - [555-555-5555]
2023-02-06 15:43:46.068 TRACE 82212 --- [           main] o.h.type.descriptor.sql.BasicBinder      : binding parameter [9] as [VARCHAR] - [11111]
2023-02-06 15:43:46.068 TRACE 82212 --- [           main] o.h.type.descriptor.sql.BasicBinder      : binding parameter [10] as [VARCHAR] - [New York]
2023-02-06 15:43:46.082 DEBUG 82212 --- [           main] org.hibernate.SQL                        : 
    select
        participan0_.id as id1_4_0_,
        participan0_.birth_year as birth_ye2_4_0_,
        participan0_.city as city3_4_0_,
        participan0_.email as email4_4_0_,
        participan0_.first_name as first_na5_4_0_,
        participan0_.home_address as home_add6_4_0_,
        participan0_.last_name as last_nam7_4_0_,
        participan0_.paymentlist_number as payment11_4_0_,
        participan0_.phone_number as phone_nu8_4_0_,
        participan0_.postal_code as postal_c9_4_0_,
        participan0_.state as state10_4_0_,
        payment1_.number as number1_6_1_,
        payment1_.amount as amount2_6_1_,
        payment1_.credit_card_number as credit_c3_6_1_,
        payment1_.expiration_date as expirati4_6_1_,
        payment1_.participant_id as particip5_6_1_,
        payment1_.payment_date as payment_6_6_1_,
        payment1_.security_code as security7_6_1_,
        payment1_.state_id_number as state_id8_6_1_ 
    from
        participants participan0_ 
    left outer join
        payment payment1_ 
            on participan0_.paymentlist_number=payment1_.number 
    where
        participan0_.id=?
Hibernate: 
    select
        participan0_.id as id1_4_0_,
        participan0_.birth_year as birth_ye2_4_0_,
        participan0_.city as city3_4_0_,
        participan0_.email as email4_4_0_,
        participan0_.first_name as first_na5_4_0_,
        participan0_.home_address as home_add6_4_0_,
        participan0_.last_name as last_nam7_4_0_,
        participan0_.paymentlist_number as payment11_4_0_,
        participan0_.phone_number as phone_nu8_4_0_,
        participan0_.postal_code as postal_c9_4_0_,
        participan0_.state as state10_4_0_,
        payment1_.number as number1_6_1_,
        payment1_.amount as amount2_6_1_,
        payment1_.credit_card_number as credit_c3_6_1_,
        payment1_.expiration_date as expirati4_6_1_,
        payment1_.participant_id as particip5_6_1_,
        payment1_.payment_date as payment_6_6_1_,
        payment1_.security_code as security7_6_1_,
        payment1_.state_id_number as state_id8_6_1_ 
    from
        participants participan0_ 
    left outer join
        payment payment1_ 
            on participan0_.paymentlist_number=payment1_.number 
    where
        participan0_.id=?
2023-02-06 15:43:46.082 TRACE 82212 --- [           main] o.h.type.descriptor.sql.BasicBinder      : binding parameter [1] as [BIGINT] - [5]
]]></system-out>
  </testcase>
</testsuite>